<?xml version="1.0" encoding="UTF-8"?>
<!-- Generated by org.testng.reporters.JUnitReportReporter -->
<testsuite hostname="DESKTOP-J0NCLLN" failures="0" tests="1" name="basics.FirstTestNG" time="60.657" errors="0" timestamp="2023-03-08T11:06:36 IST" skipped="0">
  <testcase classname="basics.FirstTestNG" name="loadDiver" time="60.657"/>
  <system-out/>
</testsuite> <!-- basics.FirstTestNG -->
